<?xml version="1.0" encoding="UTF-8"?>
<!-- Generated by org.testng.reporters.JUnitReportReporter -->
<testsuite hostname="madhu-PC" failures="0" tests="1" name="testComponents.baseTest" time="52.949" errors="0" timestamp="2023-07-14T14:31:34 IST" skipped="0">
  <testcase classname="testComponents.baseTest" name="initialise" time="52.949"/>
  <system-out/>
</testsuite> <!-- testComponents.baseTest -->
