<?xml version="1.0" encoding="UTF-8"?>
<!-- Generated by org.testng.reporters.JUnitReportReporter -->
<testsuite hostname="madhu-PC" failures="0" tests="2" name="tests.homePageTest" time="23.549" errors="0" timestamp="2023-07-19T14:32:16 IST" skipped="0">
  <testcase classname="tests.homePageTest" name="validateLogo" time="14.881"/>
  <system-out/>
  <testcase classname="tests.homePageTest" name="validate_Currency_Symbol" time="8.668"/>
  <system-out/>
</testsuite> <!-- tests.homePageTest -->
